
*** Running vivado
    with args -log UART.vdi -applog -m64 -product Vivado -messageDb vivado.pb -mode batch -source UART.tcl -notrace



****** Vivado v2024.2 (64-bit)
  **** SW Build 5239630 on Fri Nov 08 22:35:27 MST 2024
  **** IP Build 5239520 on Sun Nov 10 16:12:51 MST 2024
  **** SharedData Build 5239561 on Fri Nov 08 14:39:27 MST 2024
  **** Start of session at: Sun Mar 16 17:48:09 2025
    ** Copyright 1986-2022 Xilinx, Inc. All Rights Reserved.
    ** Copyright 2022-2024 Advanced Micro Devices, Inc. All Rights Reserved.

source UART.tcl -notrace
Command: link_design -top UART -part xc7a12tcpg238-2
Design is defaulting to srcset: sources_1
Design is defaulting to constrset: constrs_1
INFO: [Device 21-403] Loading part xc7a12tcpg238-2
Netlist sorting complete. Time (s): cpu = 00:00:00 ; elapsed = 00:00:00.002 . Memory (MB): peak = 544.516 ; gain = 0.000
INFO: [Netlist 29-17] Analyzing 33 Unisim elements for replacement
INFO: [Netlist 29-28] Unisim Transformation completed in 0 CPU seconds
INFO: [Project 1-479] Netlist was created with Vivado 2024.2
INFO: [Project 1-570] Preparing netlist for logic optimization
Read ShapeDB Complete: Time (s): cpu = 00:00:00 ; elapsed = 00:00:00.003 . Memory (MB): peak = 634.441 ; gain = 0.000
Netlist sorting complete. Time (s): cpu = 00:00:00 ; elapsed = 00:00:00 . Memory (MB): peak = 635.277 ; gain = 0.000
INFO: [Project 1-111] Unisim Transformation Summary:
No Unisim elements were transformed.

6 Infos, 0 Warnings, 0 Critical Warnings and 0 Errors encountered.
link_design completed successfully
Command: opt_design
Attempting to get a license for feature 'Implementation' and/or device 'xc7a12t'
INFO: [Common 17-349] Got license for feature 'Implementation' and/or device 'xc7a12t'
Running DRC as a precondition to command opt_design

Starting DRC Task
INFO: [DRC 23-27] Running DRC with 2 threads
INFO: [Project 1-461] DRC finished with 0 Errors
INFO: [Project 1-462] Please refer to the DRC report (report_drc) for more information.

Time (s): cpu = 00:00:01 ; elapsed = 00:00:00.862 . Memory (MB): peak = 698.574 ; gain = 34.461

Starting Cache Timing Information Task
INFO: [Timing 38-35] Done setting XDC timing constraints.
Ending Cache Timing Information Task | Checksum: 1df34d9c0

Time (s): cpu = 00:00:05 ; elapsed = 00:00:06 . Memory (MB): peak = 1234.516 ; gain = 535.941

Starting Logic Optimization Task

Phase 1 Initialization

Phase 1.1 Core Generation And Design Setup
Phase 1.1 Core Generation And Design Setup | Checksum: 1df34d9c0

Time (s): cpu = 00:00:00 ; elapsed = 00:00:00.002 . Memory (MB): peak = 1638.895 ; gain = 0.000

Phase 1.2 Setup Constraints And Sort Netlist
Phase 1.2 Setup Constraints And Sort Netlist | Checksum: 1df34d9c0

Time (s): cpu = 00:00:00 ; elapsed = 00:00:00.005 . Memory (MB): peak = 1638.895 ; gain = 0.000
Phase 1 Initialization | Checksum: 1df34d9c0

Time (s): cpu = 00:00:00 ; elapsed = 00:00:00.005 . Memory (MB): peak = 1638.895 ; gain = 0.000

Phase 2 Timer Update And Timing Data Collection

Phase 2.1 Timer Update
Phase 2.1 Timer Update | Checksum: 1df34d9c0

Time (s): cpu = 00:00:00 ; elapsed = 00:00:00.018 . Memory (MB): peak = 1638.895 ; gain = 0.000

Phase 2.2 Timing Data Collection
Phase 2.2 Timing Data Collection | Checksum: 1df34d9c0

Time (s): cpu = 00:00:00 ; elapsed = 00:00:00.038 . Memory (MB): peak = 1638.895 ; gain = 0.000
Phase 2 Timer Update And Timing Data Collection | Checksum: 1df34d9c0

Time (s): cpu = 00:00:00 ; elapsed = 00:00:00.038 . Memory (MB): peak = 1638.895 ; gain = 0.000

Phase 3 Retarget
INFO: [Opt 31-1851] Number of loadless carry chains removed were: 0
INFO: [Opt 31-1834] Total Chains To Be Transformed Were: 0 AND Number of Transformed insts Created are: 0
INFO: [Opt 31-1566] Pulled 1 inverters resulting in an inversion of 12 pins
INFO: [Opt 31-138] Pushed 0 inverter(s) to 0 load pin(s).
INFO: [Opt 31-49] Retargeted 0 cell(s).
Phase 3 Retarget | Checksum: 17015a23b

Time (s): cpu = 00:00:00 ; elapsed = 00:00:00.096 . Memory (MB): peak = 1638.895 ; gain = 0.000
Retarget | Checksum: 17015a23b
INFO: [Opt 31-389] Phase Retarget created 0 cells and removed 1 cells

Phase 4 Constant propagation
INFO: [Opt 31-138] Pushed 0 inverter(s) to 0 load pin(s).
Phase 4 Constant propagation | Checksum: 17015a23b

Time (s): cpu = 00:00:00 ; elapsed = 00:00:00.100 . Memory (MB): peak = 1638.895 ; gain = 0.000
Constant propagation | Checksum: 17015a23b
INFO: [Opt 31-389] Phase Constant propagation created 0 cells and removed 0 cells

Phase 5 Sweep
INFO: [Constraints 18-11670] Building netlist checker database with flags, 0x8
Done building netlist checker database: Time (s): cpu = 00:00:00 ; elapsed = 00:00:00 . Memory (MB): peak = 1638.895 ; gain = 0.000
Phase 5 Sweep | Checksum: 173a95f0d

Time (s): cpu = 00:00:00 ; elapsed = 00:00:00.105 . Memory (MB): peak = 1638.895 ; gain = 0.000
Sweep | Checksum: 173a95f0d
INFO: [Opt 31-389] Phase Sweep created 0 cells and removed 0 cells

Phase 6 BUFG optimization
Phase 6 BUFG optimization | Checksum: 173a95f0d

Time (s): cpu = 00:00:00 ; elapsed = 00:00:00.147 . Memory (MB): peak = 1638.895 ; gain = 0.000
BUFG optimization | Checksum: 173a95f0d
INFO: [Opt 31-662] Phase BUFG optimization created 0 cells of which 0 are BUFGs and removed 0 cells.

Phase 7 Shift Register Optimization
INFO: [Opt 31-1064] SRL Remap converted 0 SRLs to 0 registers and converted 0 registers of register chains to 0 SRLs
Phase 7 Shift Register Optimization | Checksum: 173a95f0d

Time (s): cpu = 00:00:00 ; elapsed = 00:00:00.149 . Memory (MB): peak = 1638.895 ; gain = 0.000
Shift Register Optimization | Checksum: 173a95f0d
INFO: [Opt 31-389] Phase Shift Register Optimization created 0 cells and removed 0 cells

Phase 8 Post Processing Netlist
Phase 8 Post Processing Netlist | Checksum: 173a95f0d

Time (s): cpu = 00:00:00 ; elapsed = 00:00:00.150 . Memory (MB): peak = 1638.895 ; gain = 0.000
Post Processing Netlist | Checksum: 173a95f0d
INFO: [Opt 31-389] Phase Post Processing Netlist created 0 cells and removed 0 cells

Phase 9 Finalization

Phase 9.1 Finalizing Design Cores and Updating Shapes
Phase 9.1 Finalizing Design Cores and Updating Shapes | Checksum: 1e8698019

Time (s): cpu = 00:00:00 ; elapsed = 00:00:00.162 . Memory (MB): peak = 1638.895 ; gain = 0.000

Phase 9.2 Verifying Netlist Connectivity

Starting Connectivity Check Task

Time (s): cpu = 00:00:00 ; elapsed = 00:00:00.006 . Memory (MB): peak = 1638.895 ; gain = 0.000
Phase 9.2 Verifying Netlist Connectivity | Checksum: 1e8698019

Time (s): cpu = 00:00:00 ; elapsed = 00:00:00.169 . Memory (MB): peak = 1638.895 ; gain = 0.000
Phase 9 Finalization | Checksum: 1e8698019

Time (s): cpu = 00:00:00 ; elapsed = 00:00:00.169 . Memory (MB): peak = 1638.895 ; gain = 0.000
Opt_design Change Summary
=========================


-------------------------------------------------------------------------------------------------------------------------
|  Phase                        |  #Cells created  |  #Cells Removed  |  #Constrained objects preventing optimizations  |
-------------------------------------------------------------------------------------------------------------------------
|  Retarget                     |               0  |               1  |                                              0  |
|  Constant propagation         |               0  |               0  |                                              0  |
|  Sweep                        |               0  |               0  |                                              0  |
|  BUFG optimization            |               0  |               0  |                                              0  |
|  Shift Register Optimization  |               0  |               0  |                                              0  |
|  Post Processing Netlist      |               0  |               0  |                                              0  |
-------------------------------------------------------------------------------------------------------------------------


Ending Logic Optimization Task | Checksum: 1e8698019

Time (s): cpu = 00:00:00 ; elapsed = 00:00:00.171 . Memory (MB): peak = 1638.895 ; gain = 0.000

Starting Power Optimization Task
INFO: [Pwropt 34-132] Skipping clock gating for clocks with a period < 2.00 ns.
Ending Power Optimization Task | Checksum: 1e8698019

Time (s): cpu = 00:00:00 ; elapsed = 00:00:00.020 . Memory (MB): peak = 1638.895 ; gain = 0.000

Starting Final Cleanup Task
Ending Final Cleanup Task | Checksum: 1e8698019

Time (s): cpu = 00:00:00 ; elapsed = 00:00:00.001 . Memory (MB): peak = 1638.895 ; gain = 0.000

Starting Netlist Obfuscation Task
Netlist sorting complete. Time (s): cpu = 00:00:00 ; elapsed = 00:00:00 . Memory (MB): peak = 1638.895 ; gain = 0.000
Ending Netlist Obfuscation Task | Checksum: 1e8698019

Time (s): cpu = 00:00:00 ; elapsed = 00:00:00.001 . Memory (MB): peak = 1638.895 ; gain = 0.000
INFO: [Common 17-83] Releasing license: Implementation
27 Infos, 0 Warnings, 0 Critical Warnings and 0 Errors encountered.
opt_design completed successfully
opt_design: Time (s): cpu = 00:00:09 ; elapsed = 00:00:10 . Memory (MB): peak = 1638.895 ; gain = 974.781
INFO: [Vivado 12-24828] Executing command : report_drc -file UART_drc_opted.rpt -pb UART_drc_opted.pb -rpx UART_drc_opted.rpx
Command: report_drc -file UART_drc_opted.rpt -pb UART_drc_opted.pb -rpx UART_drc_opted.rpx
INFO: [IP_Flow 19-234] Refreshing IP repositories
INFO: [IP_Flow 19-1704] No user IP repositories specified
INFO: [IP_Flow 19-2313] Loaded Vivado IP repository 'D:/Vivado/Vivado/2024.2/data/ip'.
INFO: [DRC 23-27] Running DRC with 2 threads
INFO: [Vivado_Tcl 2-168] The results of DRC are in file D:/UART_Design/UART/UART.runs/impl_1/UART_drc_opted.rpt.
report_drc completed successfully
Write ShapeDB Complete: Time (s): cpu = 00:00:00 ; elapsed = 00:00:00.001 . Memory (MB): peak = 1638.895 ; gain = 0.000
INFO: [Common 17-1381] The checkpoint 'D:/UART_Design/UART/UART.runs/impl_1/UART_opt.dcp' has been generated.
Command: place_design
Attempting to get a license for feature 'Implementation' and/or device 'xc7a12t'
INFO: [Common 17-349] Got license for feature 'Implementation' and/or device 'xc7a12t'
INFO: [Common 17-83] Releasing license: Implementation
INFO: [DRC 23-27] Running DRC with 2 threads
INFO: [Vivado_Tcl 4-198] DRC finished with 0 Errors
INFO: [Vivado_Tcl 4-199] Please refer to the DRC report (report_drc) for more information.
Running DRC as a precondition to command place_design
INFO: [DRC 23-27] Running DRC with 2 threads
INFO: [Vivado_Tcl 4-198] DRC finished with 0 Errors
INFO: [Vivado_Tcl 4-199] Please refer to the DRC report (report_drc) for more information.
INFO: [Place 30-611] Multithreading enabled for place_design using a maximum of 2 CPUs

Starting Placer Task

Phase 1 Placer Initialization

Phase 1.1 Placer Initialization Netlist Sorting
Netlist sorting complete. Time (s): cpu = 00:00:00 ; elapsed = 00:00:00 . Memory (MB): peak = 1638.895 ; gain = 0.000
Phase 1.1 Placer Initialization Netlist Sorting | Checksum: e9a369b9

Time (s): cpu = 00:00:00 ; elapsed = 00:00:00.004 . Memory (MB): peak = 1638.895 ; gain = 0.000
Netlist sorting complete. Time (s): cpu = 00:00:00 ; elapsed = 00:00:00 . Memory (MB): peak = 1638.895 ; gain = 0.000

Phase 1.2 IO Placement/ Clock Placement/ Build Placer Device
INFO: [Timing 38-35] Done setting XDC timing constraints.
Phase 1.2 IO Placement/ Clock Placement/ Build Placer Device | Checksum: 1905de7cc

Time (s): cpu = 00:00:00 ; elapsed = 00:00:00.138 . Memory (MB): peak = 1638.895 ; gain = 0.000

Phase 1.3 Build Placer Netlist Model
Phase 1.3 Build Placer Netlist Model | Checksum: 1d53c5d2e

Time (s): cpu = 00:00:00 ; elapsed = 00:00:00.218 . Memory (MB): peak = 1638.895 ; gain = 0.000

Phase 1.4 Constrain Clocks/Macros
Phase 1.4 Constrain Clocks/Macros | Checksum: 1d53c5d2e

Time (s): cpu = 00:00:00 ; elapsed = 00:00:00.222 . Memory (MB): peak = 1638.895 ; gain = 0.000
Phase 1 Placer Initialization | Checksum: 1d53c5d2e

Time (s): cpu = 00:00:00 ; elapsed = 00:00:00.233 . Memory (MB): peak = 1638.895 ; gain = 0.000

Phase 2 Global Placement

Phase 2.1 Floorplanning
Phase 2.1 Floorplanning | Checksum: 1d53c5d2e

Time (s): cpu = 00:00:00 ; elapsed = 00:00:00.246 . Memory (MB): peak = 1638.895 ; gain = 0.000

Phase 2.2 Update Timing before SLR Path Opt
Phase 2.2 Update Timing before SLR Path Opt | Checksum: 1d53c5d2e

Time (s): cpu = 00:00:00 ; elapsed = 00:00:00.248 . Memory (MB): peak = 1638.895 ; gain = 0.000

Phase 2.3 Post-Processing in Floorplanning
Phase 2.3 Post-Processing in Floorplanning | Checksum: 1d53c5d2e

Time (s): cpu = 00:00:00 ; elapsed = 00:00:00.249 . Memory (MB): peak = 1638.895 ; gain = 0.000

Phase 2.4 Global Place Phase1
Phase 2.4 Global Place Phase1 | Checksum: 267bbaaa8

Time (s): cpu = 00:00:00 ; elapsed = 00:00:00.968 . Memory (MB): peak = 1638.895 ; gain = 0.000

Phase 2.5 Global Place Phase2
WARNING: [Place 46-29] Timing had been disabled during Placer and, therefore, physical synthesis in Placer will be skipped.
Phase 2.5 Global Place Phase2 | Checksum: 190a92a86

Time (s): cpu = 00:00:00 ; elapsed = 00:00:01 . Memory (MB): peak = 1638.895 ; gain = 0.000
Phase 2 Global Placement | Checksum: 190a92a86

Time (s): cpu = 00:00:00 ; elapsed = 00:00:01 . Memory (MB): peak = 1638.895 ; gain = 0.000

Phase 3 Detail Placement

Phase 3.1 Commit Multi Column Macros
Phase 3.1 Commit Multi Column Macros | Checksum: 190a92a86

Time (s): cpu = 00:00:00 ; elapsed = 00:00:01 . Memory (MB): peak = 1638.895 ; gain = 0.000

Phase 3.2 Commit Most Macros & LUTRAMs
Phase 3.2 Commit Most Macros & LUTRAMs | Checksum: 1b7a72aa4

Time (s): cpu = 00:00:00 ; elapsed = 00:00:01 . Memory (MB): peak = 1638.895 ; gain = 0.000

Phase 3.3 Area Swap Optimization
Phase 3.3 Area Swap Optimization | Checksum: 1ca9867d6

Time (s): cpu = 00:00:00 ; elapsed = 00:00:01 . Memory (MB): peak = 1638.895 ; gain = 0.000

Phase 3.4 Pipeline Register Optimization
Phase 3.4 Pipeline Register Optimization | Checksum: 1ca9867d6

Time (s): cpu = 00:00:00 ; elapsed = 00:00:01 . Memory (MB): peak = 1638.895 ; gain = 0.000

Phase 3.5 Small Shape Detail Placement
Phase 3.5 Small Shape Detail Placement | Checksum: 1f2f47ede

Time (s): cpu = 00:00:00 ; elapsed = 00:00:01 . Memory (MB): peak = 1638.895 ; gain = 0.000

Phase 3.6 Re-assign LUT pins
Phase 3.6 Re-assign LUT pins | Checksum: 1f2f47ede

Time (s): cpu = 00:00:00 ; elapsed = 00:00:01 . Memory (MB): peak = 1638.895 ; gain = 0.000

Phase 3.7 Pipeline Register Optimization
Phase 3.7 Pipeline Register Optimization | Checksum: 1f2f47ede

Time (s): cpu = 00:00:00 ; elapsed = 00:00:01 . Memory (MB): peak = 1638.895 ; gain = 0.000
Phase 3 Detail Placement | Checksum: 1f2f47ede

Time (s): cpu = 00:00:00 ; elapsed = 00:00:01 . Memory (MB): peak = 1638.895 ; gain = 0.000

Phase 4 Post Placement Optimization and Clean-Up

Phase 4.1 Post Commit Optimization
Phase 4.1 Post Commit Optimization | Checksum: 1f2f47ede

Time (s): cpu = 00:00:00 ; elapsed = 00:00:01 . Memory (MB): peak = 1638.895 ; gain = 0.000

Phase 4.2 Post Placement Cleanup
Phase 4.2 Post Placement Cleanup | Checksum: 1f2f47ede

Time (s): cpu = 00:00:00 ; elapsed = 00:00:01 . Memory (MB): peak = 1638.895 ; gain = 0.000

Phase 4.3 Placer Reporting

Phase 4.3.1 Print Estimated Congestion
INFO: [Place 30-612] Post-Placement Estimated Congestion 
 ____________________________________________________
|           | Global Congestion | Short Congestion  |
| Direction | Region Size       | Region Size       |
|___________|___________________|___________________|
|      North|                1x1|                1x1|
|___________|___________________|___________________|
|      South|                1x1|                1x1|
|___________|___________________|___________________|
|       East|                1x1|                1x1|
|___________|___________________|___________________|
|       West|                1x1|                1x1|
|___________|___________________|___________________|

Phase 4.3.1 Print Estimated Congestion | Checksum: 1f2f47ede

Time (s): cpu = 00:00:00 ; elapsed = 00:00:01 . Memory (MB): peak = 1638.895 ; gain = 0.000
Phase 4.3 Placer Reporting | Checksum: 1f2f47ede

Time (s): cpu = 00:00:00 ; elapsed = 00:00:01 . Memory (MB): peak = 1638.895 ; gain = 0.000

Phase 4.4 Final Placement Cleanup
Netlist sorting complete. Time (s): cpu = 00:00:00 ; elapsed = 00:00:00 . Memory (MB): peak = 1638.895 ; gain = 0.000

Time (s): cpu = 00:00:00 ; elapsed = 00:00:01 . Memory (MB): peak = 1638.895 ; gain = 0.000
Phase 4 Post Placement Optimization and Clean-Up | Checksum: 23c26841b

Time (s): cpu = 00:00:00 ; elapsed = 00:00:01 . Memory (MB): peak = 1638.895 ; gain = 0.000
Ending Placer Task | Checksum: 1e3c9de4f

Time (s): cpu = 00:00:00 ; elapsed = 00:00:01 . Memory (MB): peak = 1638.895 ; gain = 0.000
45 Infos, 1 Warnings, 0 Critical Warnings and 0 Errors encountered.
place_design completed successfully
INFO: [Vivado 12-24838] Running report commands "report_control_sets, report_io, report_utilization" in parallel.
Running report generation with 2 threads.
INFO: [Vivado 12-24828] Executing command : report_utilization -file UART_utilization_placed.rpt -pb UART_utilization_placed.pb
INFO: [Vivado 12-24828] Executing command : report_io -file UART_io_placed.rpt
report_io: Time (s): cpu = 00:00:01 ; elapsed = 00:00:00.044 . Memory (MB): peak = 1638.895 ; gain = 0.000
INFO: [Vivado 12-24828] Executing command : report_control_sets -verbose -file UART_control_sets_placed.rpt
report_control_sets: Time (s): cpu = 00:00:00 ; elapsed = 00:00:00.003 . Memory (MB): peak = 1638.895 ; gain = 0.000
Write ShapeDB Complete: Time (s): cpu = 00:00:00 ; elapsed = 00:00:00.001 . Memory (MB): peak = 1638.895 ; gain = 0.000
Wrote PlaceDB: Time (s): cpu = 00:00:00 ; elapsed = 00:00:00.021 . Memory (MB): peak = 1638.895 ; gain = 0.000
Wrote PulsedLatchDB: Time (s): cpu = 00:00:00 ; elapsed = 00:00:00.001 . Memory (MB): peak = 1638.895 ; gain = 0.000
Writing XDEF routing.
Writing XDEF routing logical nets.
Writing XDEF routing special nets.
Wrote RouteStorage: Time (s): cpu = 00:00:00 ; elapsed = 00:00:00.072 . Memory (MB): peak = 1638.895 ; gain = 0.000
Wrote Netlist Cache: Time (s): cpu = 00:00:00 ; elapsed = 00:00:00.002 . Memory (MB): peak = 1638.895 ; gain = 0.000
Wrote Device Cache: Time (s): cpu = 00:00:00 ; elapsed = 00:00:00.009 . Memory (MB): peak = 1638.895 ; gain = 0.000
Write Physdb Complete: Time (s): cpu = 00:00:00 ; elapsed = 00:00:00.111 . Memory (MB): peak = 1638.895 ; gain = 0.000
INFO: [Common 17-1381] The checkpoint 'D:/UART_Design/UART/UART.runs/impl_1/UART_placed.dcp' has been generated.
Command: phys_opt_design
Attempting to get a license for feature 'Implementation' and/or device 'xc7a12t'
INFO: [Common 17-349] Got license for feature 'Implementation' and/or device 'xc7a12t'

Starting Initial Update Timing Task

Time (s): cpu = 00:00:00 ; elapsed = 00:00:00.031 . Memory (MB): peak = 1638.895 ; gain = 0.000
INFO: [Vivado_Tcl 4-235] No timing constraint found. The netlist was not modified.
INFO: [Common 17-83] Releasing license: Implementation
53 Infos, 1 Warnings, 0 Critical Warnings and 0 Errors encountered.
phys_opt_design completed successfully
Write ShapeDB Complete: Time (s): cpu = 00:00:00 ; elapsed = 00:00:00.001 . Memory (MB): peak = 1648.473 ; gain = 0.000
Wrote PlaceDB: Time (s): cpu = 00:00:00 ; elapsed = 00:00:00.025 . Memory (MB): peak = 1648.473 ; gain = 0.000
Wrote PulsedLatchDB: Time (s): cpu = 00:00:00 ; elapsed = 00:00:00 . Memory (MB): peak = 1648.473 ; gain = 0.000
Writing XDEF routing.
Writing XDEF routing logical nets.
Writing XDEF routing special nets.
Wrote RouteStorage: Time (s): cpu = 00:00:00 ; elapsed = 00:00:00.019 . Memory (MB): peak = 1648.473 ; gain = 0.000
Wrote Netlist Cache: Time (s): cpu = 00:00:00 ; elapsed = 00:00:00.001 . Memory (MB): peak = 1648.473 ; gain = 0.000
Wrote Device Cache: Time (s): cpu = 00:00:00 ; elapsed = 00:00:00.008 . Memory (MB): peak = 1648.473 ; gain = 0.000
Write Physdb Complete: Time (s): cpu = 00:00:00 ; elapsed = 00:00:00.058 . Memory (MB): peak = 1648.473 ; gain = 0.000
INFO: [Common 17-1381] The checkpoint 'D:/UART_Design/UART/UART.runs/impl_1/UART_physopt.dcp' has been generated.
Command: route_design
Attempting to get a license for feature 'Implementation' and/or device 'xc7a12t'
INFO: [Common 17-349] Got license for feature 'Implementation' and/or device 'xc7a12t'


Starting Routing Task
INFO: [Route 35-254] Multithreading enabled for route_design using a maximum of 2 CPUs

Phase 1 Build RT Design
Checksum: PlaceDB: fa267496 ConstDB: 0 ShapeSum: 7bd922b3 RouteDB: 6dca4706
Post Restoration Checksum: NetGraph: 15d0540e | NumContArr: c93f8099 | Constraints: c2a8fa9d | Timing: c2a8fa9d
Phase 1 Build RT Design | Checksum: 26461c9e1

Time (s): cpu = 00:00:11 ; elapsed = 00:00:10 . Memory (MB): peak = 1693.262 ; gain = 44.703

Phase 2 Router Initialization
INFO: [Route 35-64] No timing constraints were detected. The router will operate in resource-optimization mode.

Phase 2.1 Fix Topology Constraints
Phase 2.1 Fix Topology Constraints | Checksum: 26461c9e1

Time (s): cpu = 00:00:11 ; elapsed = 00:00:10 . Memory (MB): peak = 1699.309 ; gain = 50.750

Phase 2.2 Pre Route Cleanup
Phase 2.2 Pre Route Cleanup | Checksum: 26461c9e1

Time (s): cpu = 00:00:11 ; elapsed = 00:00:10 . Memory (MB): peak = 1699.309 ; gain = 50.750
 Number of Nodes with overlaps = 0

Router Utilization Summary
  Global Vertical Routing Utilization    = 0 %
  Global Horizontal Routing Utilization  = 0 %
  Routable Net Status*
  *Does not include unroutable nets such as driverless and loadless.
  Run report_route_status for detailed report.
  Number of Failed Nets               = 341
    (Failed Nets is the sum of unrouted and partially routed nets)
  Number of Unrouted Nets             = 341
  Number of Partially Routed Nets     = 0
  Number of Node Overlaps             = 0

Phase 2 Router Initialization | Checksum: 209dd41e2

Time (s): cpu = 00:00:11 ; elapsed = 00:00:11 . Memory (MB): peak = 1707.816 ; gain = 59.258

Phase 3 Global Routing
Phase 3 Global Routing | Checksum: 209dd41e2

Time (s): cpu = 00:00:11 ; elapsed = 00:00:11 . Memory (MB): peak = 1707.816 ; gain = 59.258

Phase 4 Initial Routing

Phase 4.1 Initial Net Routing Pass
Phase 4.1 Initial Net Routing Pass | Checksum: 1ec07d239

Time (s): cpu = 00:00:11 ; elapsed = 00:00:11 . Memory (MB): peak = 1707.816 ; gain = 59.258
Phase 4 Initial Routing | Checksum: 1ec07d239

Time (s): cpu = 00:00:11 ; elapsed = 00:00:11 . Memory (MB): peak = 1707.816 ; gain = 59.258

Phase 5 Rip-up And Reroute

Phase 5.1 Global Iteration 0
 Number of Nodes with overlaps = 25
 Number of Nodes with overlaps = 0
Phase 5.1 Global Iteration 0 | Checksum: 26284a55e

Time (s): cpu = 00:00:12 ; elapsed = 00:00:11 . Memory (MB): peak = 1707.816 ; gain = 59.258
Phase 5 Rip-up And Reroute | Checksum: 26284a55e

Time (s): cpu = 00:00:12 ; elapsed = 00:00:11 . Memory (MB): peak = 1707.816 ; gain = 59.258

Phase 6 Delay and Skew Optimization
Phase 6 Delay and Skew Optimization | Checksum: 26284a55e

Time (s): cpu = 00:00:12 ; elapsed = 00:00:11 . Memory (MB): peak = 1707.816 ; gain = 59.258

Phase 7 Post Hold Fix

Phase 7.1 Hold Fix Iter
Phase 7.1 Hold Fix Iter | Checksum: 26284a55e

Time (s): cpu = 00:00:12 ; elapsed = 00:00:11 . Memory (MB): peak = 1707.820 ; gain = 59.262
Phase 7 Post Hold Fix | Checksum: 26284a55e

Time (s): cpu = 00:00:12 ; elapsed = 00:00:11 . Memory (MB): peak = 1707.820 ; gain = 59.262

Phase 8 Route finalize

Router Utilization Summary
  Global Vertical Routing Utilization    = 0.110795 %
  Global Horizontal Routing Utilization  = 0.107327 %
  Routable Net Status*
  *Does not include unroutable nets such as driverless and loadless.
  Run report_route_status for detailed report.
  Number of Failed Nets               = 0
    (Failed Nets is the sum of unrouted and partially routed nets)
  Number of Unrouted Nets             = 0
  Number of Partially Routed Nets     = 0
  Number of Node Overlaps             = 0


--GLOBAL Congestion:
Utilization threshold used for congestion level computation: 0.85
Congestion Report
North Dir 1x1 Area, Max Cong = 18.018%, No Congested Regions.
South Dir 1x1 Area, Max Cong = 18.018%, No Congested Regions.
East Dir 1x1 Area, Max Cong = 14.7059%, No Congested Regions.
West Dir 1x1 Area, Max Cong = 22.0588%, No Congested Regions.

------------------------------
Reporting congestion hotspots
------------------------------
Direction: North
----------------
Congested clusters found at Level 0
Effective congestion level: 0 Aspect Ratio: 1 Sparse Ratio: 0
Direction: South
----------------
Congested clusters found at Level 0
Effective congestion level: 0 Aspect Ratio: 1 Sparse Ratio: 0
Direction: East
----------------
Congested clusters found at Level 0
Effective congestion level: 0 Aspect Ratio: 1 Sparse Ratio: 0
Direction: West
----------------
Congested clusters found at Level 0
Effective congestion level: 0 Aspect Ratio: 1 Sparse Ratio: 0

Phase 8 Route finalize | Checksum: 26284a55e

Time (s): cpu = 00:00:12 ; elapsed = 00:00:11 . Memory (MB): peak = 1707.824 ; gain = 59.266

Phase 9 Verifying routed nets

 Verification completed successfully
Phase 9 Verifying routed nets | Checksum: 26284a55e

Time (s): cpu = 00:00:12 ; elapsed = 00:00:11 . Memory (MB): peak = 1709.875 ; gain = 61.316

Phase 10 Depositing Routes
Phase 10 Depositing Routes | Checksum: 2b8dd97b1

Time (s): cpu = 00:00:12 ; elapsed = 00:00:11 . Memory (MB): peak = 1709.875 ; gain = 61.316

Phase 11 Post Process Routing
Phase 11 Post Process Routing | Checksum: 2b8dd97b1

Time (s): cpu = 00:00:12 ; elapsed = 00:00:11 . Memory (MB): peak = 1709.875 ; gain = 61.316
Total Elapsed time in route_design: 10.748 secs

Phase 12 Post-Route Event Processing
Phase 12 Post-Route Event Processing | Checksum: 174054ca8

Time (s): cpu = 00:00:12 ; elapsed = 00:00:11 . Memory (MB): peak = 1709.875 ; gain = 61.316
INFO: [Route 35-16] Router Completed Successfully
Ending Routing Task | Checksum: 174054ca8

Time (s): cpu = 00:00:12 ; elapsed = 00:00:11 . Memory (MB): peak = 1709.875 ; gain = 61.316

Routing Is Done.
INFO: [Common 17-83] Releasing license: Implementation
59 Infos, 1 Warnings, 0 Critical Warnings and 0 Errors encountered.
route_design completed successfully
route_design: Time (s): cpu = 00:00:12 ; elapsed = 00:00:11 . Memory (MB): peak = 1709.875 ; gain = 61.402
INFO: [Vivado 12-24828] Executing command : report_drc -file UART_drc_routed.rpt -pb UART_drc_routed.pb -rpx UART_drc_routed.rpx
Command: report_drc -file UART_drc_routed.rpt -pb UART_drc_routed.pb -rpx UART_drc_routed.rpx
INFO: [IP_Flow 19-1839] IP Catalog is up to date.
INFO: [DRC 23-27] Running DRC with 2 threads
INFO: [Vivado_Tcl 2-168] The results of DRC are in file D:/UART_Design/UART/UART.runs/impl_1/UART_drc_routed.rpt.
report_drc completed successfully
INFO: [Vivado 12-24828] Executing command : report_methodology -file UART_methodology_drc_routed.rpt -pb UART_methodology_drc_routed.pb -rpx UART_methodology_drc_routed.rpx
Command: report_methodology -file UART_methodology_drc_routed.rpt -pb UART_methodology_drc_routed.pb -rpx UART_methodology_drc_routed.rpx
INFO: [Timing 38-35] Done setting XDC timing constraints.
INFO: [DRC 23-133] Running Methodology with 2 threads
INFO: [Vivado_Tcl 2-1520] The results of Report Methodology are in file D:/UART_Design/UART/UART.runs/impl_1/UART_methodology_drc_routed.rpt.
report_methodology completed successfully
INFO: [Vivado 12-24828] Executing command : report_timing_summary -max_paths 10 -report_unconstrained -file UART_timing_summary_routed.rpt -pb UART_timing_summary_routed.pb -rpx UART_timing_summary_routed.rpx -warn_on_violation 
INFO: [Timing 38-35] Done setting XDC timing constraints.
INFO: [Timing 38-91] UpdateTimingParams: Speed grade: -2, Delay Type: min_max.
INFO: [Timing 38-191] Multithreading enabled for timing update using a maximum of 2 CPUs
WARNING: [Timing 38-313] There are no user specified timing constraints. Timing constraints are needed for proper timing analysis.
INFO: [Vivado 12-24838] Running report commands "report_incremental_reuse, report_route_status" in parallel.
Running report generation with 2 threads.
INFO: [Vivado 12-24828] Executing command : report_incremental_reuse -file UART_incremental_reuse_routed.rpt
INFO: [Vivado_Tcl 4-1062] Incremental flow is disabled. No incremental reuse Info to report.
INFO: [Vivado 12-24828] Executing command : report_route_status -file UART_route_status.rpt -pb UART_route_status.pb
INFO: [Vivado 12-24828] Executing command : report_power -file UART_power_routed.rpt -pb UART_power_summary_routed.pb -rpx UART_power_routed.rpx
Command: report_power -file UART_power_routed.rpt -pb UART_power_summary_routed.pb -rpx UART_power_routed.rpx
WARNING: [Power 33-232] No user defined clocks were found in the design! Power estimation will be inaccurate until this is corrected.
Resolution: Please specify clocks using create_clock/create_generated_clock for sequential elements. For pure combinatorial circuits, please specify a virtual clock, otherwise the vectorless estimation might be inaccurate
Running Vector-less Activity Propagation...

Finished Running Vector-less Activity Propagation
76 Infos, 3 Warnings, 0 Critical Warnings and 0 Errors encountered.
report_power completed successfully
INFO: [Vivado 12-24828] Executing command : report_clock_utilization -file UART_clock_utilization_routed.rpt
INFO: [Vivado 12-24828] Executing command : report_bus_skew -warn_on_violation -file UART_bus_skew_routed.rpt -pb UART_bus_skew_routed.pb -rpx UART_bus_skew_routed.rpx
INFO: [Timing 38-91] UpdateTimingParams: Speed grade: -2, Delay Type: min_max.
INFO: [Timing 38-191] Multithreading enabled for timing update using a maximum of 2 CPUs
generate_parallel_reports: Time (s): cpu = 00:00:10 ; elapsed = 00:00:06 . Memory (MB): peak = 1787.895 ; gain = 78.020
Write ShapeDB Complete: Time (s): cpu = 00:00:00 ; elapsed = 00:00:00.001 . Memory (MB): peak = 1788.812 ; gain = 0.000
Wrote PlaceDB: Time (s): cpu = 00:00:00 ; elapsed = 00:00:00.024 . Memory (MB): peak = 1788.812 ; gain = 0.000
Wrote PulsedLatchDB: Time (s): cpu = 00:00:00 ; elapsed = 00:00:00 . Memory (MB): peak = 1788.812 ; gain = 0.000
Writing XDEF routing.
Writing XDEF routing logical nets.
Writing XDEF routing special nets.
Wrote RouteStorage: Time (s): cpu = 00:00:00 ; elapsed = 00:00:00.022 . Memory (MB): peak = 1788.812 ; gain = 0.000
Wrote Netlist Cache: Time (s): cpu = 00:00:00 ; elapsed = 00:00:00.001 . Memory (MB): peak = 1788.812 ; gain = 0.000
Wrote Device Cache: Time (s): cpu = 00:00:00 ; elapsed = 00:00:00.005 . Memory (MB): peak = 1788.812 ; gain = 0.000
Write Physdb Complete: Time (s): cpu = 00:00:00 ; elapsed = 00:00:00.056 . Memory (MB): peak = 1788.812 ; gain = 0.000
INFO: [Common 17-1381] The checkpoint 'D:/UART_Design/UART/UART.runs/impl_1/UART_routed.dcp' has been generated.
INFO: [Common 17-206] Exiting Vivado at Sun Mar 16 17:48:49 2025...
